/home/maxi/PythonCodes/venv/bin/python: can't open file '/home/maxi/PythonCodes/Roomie_V1/main.py': [Errno 2] No such file or directory
/home/maxi/PythonCodes/venv/bin/python: can't open file '/home/maxi/PythonCodes/Roomie_V1/main.py': [Errno 2] No such file or directory
Traceback (most recent call last):
  File "/home/maxi/PythonCodes/code/main.py", line 75, in <module>
    main()
  File "/home/maxi/PythonCodes/code/main.py", line 20, in main
    config = load_config()
             ^^^^^^^^^^^^^
  File "/home/maxi/PythonCodes/code/config.py", line 4, in load_config
    with open("config.json") as config_file:
         ^^^^^^^^^^^^^^^^^^^
FileNotFoundError: [Errno 2] No such file or directory: 'config.json'
Traceback (most recent call last):
  File "/home/maxi/PythonCodes/code/main.py", line 75, in <module>
    main()
  File "/home/maxi/PythonCodes/code/main.py", line 20, in main
    config = load_config()
             ^^^^^^^^^^^^^
  File "/home/maxi/PythonCodes/code/config.py", line 4, in load_config
    with open("config.json") as config_file:
         ^^^^^^^^^^^^^^^^^^^
FileNotFoundError: [Errno 2] No such file or directory: 'config.json'
